26/04/29 02:16:56 INFO SparkContext: Running Spark version 3.5.4
26/04/29 02:16:56 INFO SparkContext: OS info Windows 11, 10.0, amd64
26/04/29 02:16:56 INFO SparkContext: Java version 11.0.30
26/04/29 02:16:56 WARN SparkConf: Note that spark.local.dir will be overridden by the value set by the cluster manager (via SPARK_LOCAL_DIRS in mesos/standalone/kubernetes and LOCAL_DIRS in YARN).
26/04/29 02:16:56 INFO ResourceUtils: ==============================================================
26/04/29 02:16:56 INFO ResourceUtils: No custom resources configured for spark.driver.
26/04/29 02:16:56 INFO ResourceUtils: ==============================================================
26/04/29 02:16:56 INFO SparkContext: Submitted application: 01_clean_normalize
26/04/29 02:16:56 INFO ResourceProfile: Default ResourceProfile created, executor resources: Map(cores -> name: cores, amount: 1, script: , vendor: , memory -> name: memory, amount: 3072, script: , vendor: , offHeap -> name: offHeap, amount: 0, script: , vendor: ), task resources: Map(cpus -> name: cpus, amount: 1.0)
26/04/29 02:16:56 INFO ResourceProfile: Limiting resource is cpu
26/04/29 02:16:56 INFO ResourceProfileManager: Added ResourceProfile id: 0
26/04/29 02:16:56 INFO SecurityManager: Changing view acls to: ferna,CodexSandboxOffline
26/04/29 02:16:56 INFO SecurityManager: Changing modify acls to: ferna,CodexSandboxOffline
26/04/29 02:16:56 INFO SecurityManager: Changing view acls groups to: 
26/04/29 02:16:56 INFO SecurityManager: Changing modify acls groups to: 
26/04/29 02:16:56 INFO SecurityManager: SecurityManager: authentication disabled; ui acls disabled; users with view permissions: ferna, CodexSandboxOffline; groups with view permissions: EMPTY; users with modify permissions: ferna, CodexSandboxOffline; groups with modify permissions: EMPTY
26/04/29 02:16:57 INFO Utils: Successfully started service 'sparkDriver' on port 55077.
26/04/29 02:16:57 INFO SparkEnv: Registering MapOutputTracker
26/04/29 02:16:57 INFO SparkEnv: Registering BlockManagerMaster
26/04/29 02:16:57 INFO BlockManagerMasterEndpoint: Using org.apache.spark.storage.DefaultTopologyMapper for getting topology information
26/04/29 02:16:57 INFO BlockManagerMasterEndpoint: BlockManagerMasterEndpoint up
26/04/29 02:16:57 INFO SparkEnv: Registering BlockManagerMasterHeartbeat
26/04/29 02:16:57 INFO DiskBlockManager: Created local directory at C:\Users\ferna\AppData\Local\Temp\bda_spark_local\blockmgr-fe2c570e-bd09-468d-9ff3-17fb8cb1c7de
26/04/29 02:16:57 INFO MemoryStore: MemoryStore started with capacity 1663.2 MiB
26/04/29 02:16:57 INFO SparkEnv: Registering OutputCommitCoordinator
26/04/29 02:16:57 INFO JettyUtils: Start Jetty 0.0.0.0:4040 for SparkUI
26/04/29 02:16:57 INFO Utils: Successfully started service 'SparkUI' on port 4040.
26/04/29 02:16:57 INFO Executor: Starting executor ID driver on host pc
26/04/29 02:16:57 INFO Executor: OS info Windows 11, 10.0, amd64
26/04/29 02:16:57 INFO Executor: Java version 11.0.30
26/04/29 02:16:57 INFO Executor: Starting executor with user classpath (userClassPathFirst = false): ''
26/04/29 02:16:57 INFO Executor: Created or updated repl class loader org.apache.spark.util.MutableURLClassLoader@246990f8 for default.
26/04/29 02:16:57 INFO Utils: Successfully started service 'org.apache.spark.network.netty.NettyBlockTransferService' on port 55101.
26/04/29 02:16:57 INFO NettyBlockTransferService: Server created on 127.0.0.1:55101
26/04/29 02:16:57 INFO BlockManager: Using org.apache.spark.storage.RandomBlockReplicationPolicy for block replication policy
26/04/29 02:16:57 INFO BlockManagerMaster: Registering BlockManager BlockManagerId(driver, 127.0.0.1, 55101, None)
26/04/29 02:16:57 INFO BlockManagerMasterEndpoint: Registering block manager 127.0.0.1:55101 with 1663.2 MiB RAM, BlockManagerId(driver, 127.0.0.1, 55101, None)
26/04/29 02:16:57 INFO BlockManagerMaster: Registered BlockManager BlockManagerId(driver, 127.0.0.1, 55101, None)
26/04/29 02:16:57 INFO BlockManager: Initialized BlockManager: BlockManagerId(driver, 127.0.0.1, 55101, None)
26/04/29 02:17:03 WARN SparkStringUtils: Truncated the string representation of a plan since it was too large. This behavior can be adjusted by setting 'spark.sql.debug.maxToStringFields'.
