26/04/29 02:28:52 INFO SparkContext: Running Spark version 3.5.4
26/04/29 02:28:52 INFO SparkContext: OS info Windows 11, 10.0, amd64
26/04/29 02:28:52 INFO SparkContext: Java version 11.0.30
26/04/29 02:28:52 WARN SparkConf: Note that spark.local.dir will be overridden by the value set by the cluster manager (via SPARK_LOCAL_DIRS in mesos/standalone/kubernetes and LOCAL_DIRS in YARN).
26/04/29 02:28:52 INFO ResourceUtils: ==============================================================
26/04/29 02:28:52 INFO ResourceUtils: No custom resources configured for spark.driver.
26/04/29 02:28:52 INFO ResourceUtils: ==============================================================
26/04/29 02:28:52 INFO SparkContext: Submitted application: 02_enrich
26/04/29 02:28:52 INFO ResourceProfile: Default ResourceProfile created, executor resources: Map(cores -> name: cores, amount: 1, script: , vendor: , memory -> name: memory, amount: 3072, script: , vendor: , offHeap -> name: offHeap, amount: 0, script: , vendor: ), task resources: Map(cpus -> name: cpus, amount: 1.0)
26/04/29 02:28:52 INFO ResourceProfile: Limiting resource is cpu
26/04/29 02:28:52 INFO ResourceProfileManager: Added ResourceProfile id: 0
26/04/29 02:28:52 INFO SecurityManager: Changing view acls to: ferna,CodexSandboxOffline
26/04/29 02:28:52 INFO SecurityManager: Changing modify acls to: ferna,CodexSandboxOffline
26/04/29 02:28:52 INFO SecurityManager: Changing view acls groups to: 
26/04/29 02:28:52 INFO SecurityManager: Changing modify acls groups to: 
26/04/29 02:28:52 INFO SecurityManager: SecurityManager: authentication disabled; ui acls disabled; users with view permissions: ferna, CodexSandboxOffline; groups with view permissions: EMPTY; users with modify permissions: ferna, CodexSandboxOffline; groups with modify permissions: EMPTY
26/04/29 02:28:53 INFO Utils: Successfully started service 'sparkDriver' on port 54084.
26/04/29 02:28:53 INFO SparkEnv: Registering MapOutputTracker
26/04/29 02:28:53 INFO SparkEnv: Registering BlockManagerMaster
26/04/29 02:28:53 INFO BlockManagerMasterEndpoint: Using org.apache.spark.storage.DefaultTopologyMapper for getting topology information
26/04/29 02:28:53 INFO BlockManagerMasterEndpoint: BlockManagerMasterEndpoint up
26/04/29 02:28:53 INFO SparkEnv: Registering BlockManagerMasterHeartbeat
26/04/29 02:28:53 INFO DiskBlockManager: Created local directory at C:\Users\ferna\AppData\Local\Temp\bda_spark_local\blockmgr-2486c97c-d624-4147-98fd-0e3259c7c103
26/04/29 02:28:53 INFO MemoryStore: MemoryStore started with capacity 1663.2 MiB
26/04/29 02:28:53 INFO SparkEnv: Registering OutputCommitCoordinator
26/04/29 02:28:53 INFO JettyUtils: Start Jetty 0.0.0.0:4040 for SparkUI
26/04/29 02:28:53 INFO Utils: Successfully started service 'SparkUI' on port 4040.
26/04/29 02:28:53 INFO Executor: Starting executor ID driver on host pc
26/04/29 02:28:53 INFO Executor: OS info Windows 11, 10.0, amd64
26/04/29 02:28:53 INFO Executor: Java version 11.0.30
26/04/29 02:28:53 INFO Executor: Starting executor with user classpath (userClassPathFirst = false): ''
26/04/29 02:28:53 INFO Executor: Created or updated repl class loader org.apache.spark.util.MutableURLClassLoader@6794e917 for default.
26/04/29 02:28:53 INFO Utils: Successfully started service 'org.apache.spark.network.netty.NettyBlockTransferService' on port 54108.
26/04/29 02:28:53 INFO NettyBlockTransferService: Server created on 127.0.0.1:54108
26/04/29 02:28:53 INFO BlockManager: Using org.apache.spark.storage.RandomBlockReplicationPolicy for block replication policy
26/04/29 02:28:53 INFO BlockManagerMaster: Registering BlockManager BlockManagerId(driver, 127.0.0.1, 54108, None)
26/04/29 02:28:53 INFO BlockManagerMasterEndpoint: Registering block manager 127.0.0.1:54108 with 1663.2 MiB RAM, BlockManagerId(driver, 127.0.0.1, 54108, None)
26/04/29 02:28:53 INFO BlockManagerMaster: Registered BlockManager BlockManagerId(driver, 127.0.0.1, 54108, None)
26/04/29 02:28:53 INFO BlockManager: Initialized BlockManager: BlockManagerId(driver, 127.0.0.1, 54108, None)
26/04/29 02:29:01 WARN ZlibFactory: Failed to load/initialize native-zlib library
26/04/29 02:29:38 ERROR Executor: Exception in task 0.0 in stage 13.0 (TID 109)
org.apache.spark.SparkException: Python worker exited unexpectedly (crashed)
	at org.apache.spark.api.python.BasePythonRunner$ReaderIterator$$anonfun$1.applyOrElse(PythonRunner.scala:612)
	at org.apache.spark.api.python.BasePythonRunner$ReaderIterator$$anonfun$1.applyOrElse(PythonRunner.scala:594)
	at scala.runtime.AbstractPartialFunction.apply(AbstractPartialFunction.scala:38)
	at org.apache.spark.sql.execution.python.BasePythonUDFRunner$$anon$1.read(PythonUDFRunner.scala:99)
	at org.apache.spark.sql.execution.python.BasePythonUDFRunner$$anon$1.read(PythonUDFRunner.scala:75)
	at org.apache.spark.api.python.BasePythonRunner$ReaderIterator.hasNext(PythonRunner.scala:525)
	at org.apache.spark.InterruptibleIterator.hasNext(InterruptibleIterator.scala:37)
	at scala.collection.Iterator$$anon$11.hasNext(Iterator.scala:491)
	at scala.collection.Iterator$$anon$10.hasNext(Iterator.scala:460)
	at scala.collection.Iterator$$anon$10.hasNext(Iterator.scala:460)
	at org.apache.spark.sql.catalyst.expressions.GeneratedClass$GeneratedIteratorForCodegenStage2.processNext(Unknown Source)
	at org.apache.spark.sql.execution.BufferedRowIterator.hasNext(BufferedRowIterator.java:43)
	at org.apache.spark.sql.execution.WholeStageCodegenEvaluatorFactory$WholeStageCodegenPartitionEvaluator$$anon$1.hasNext(WholeStageCodegenEvaluatorFactory.scala:43)
	at scala.collection.Iterator$$anon$11.hasNext(Iterator.scala:490)
	at org.apache.spark.sql.catalyst.expressions.GeneratedClass$GeneratedIteratorForCodegenStage5.processNext(Unknown Source)
	at org.apache.spark.sql.execution.BufferedRowIterator.hasNext(BufferedRowIterator.java:43)
	at org.apache.spark.sql.execution.WholeStageCodegenEvaluatorFactory$WholeStageCodegenPartitionEvaluator$$anon$1.hasNext(WholeStageCodegenEvaluatorFactory.scala:43)
	at scala.collection.Iterator$$anon$10.hasNext(Iterator.scala:460)
	at org.apache.spark.ContextAwareIterator.hasNext(ContextAwareIterator.scala:39)
	at org.apache.spark.api.python.SerDeUtil$AutoBatchedPickler.hasNext(SerDeUtil.scala:86)
	at scala.collection.Iterator.foreach(Iterator.scala:943)
	at scala.collection.Iterator.foreach$(Iterator.scala:943)
	at org.apache.spark.api.python.SerDeUtil$AutoBatchedPickler.foreach(SerDeUtil.scala:80)
	at scala.collection.generic.Growable.$plus$plus$eq(Growable.scala:62)
	at scala.collection.generic.Growable.$plus$plus$eq$(Growable.scala:53)
	at scala.collection.mutable.ArrayBuffer.$plus$plus$eq(ArrayBuffer.scala:105)
	at scala.collection.mutable.ArrayBuffer.$plus$plus$eq(ArrayBuffer.scala:49)
	at scala.collection.TraversableOnce.to(TraversableOnce.scala:366)
	at scala.collection.TraversableOnce.to$(TraversableOnce.scala:364)
	at org.apache.spark.api.python.SerDeUtil$AutoBatchedPickler.to(SerDeUtil.scala:80)
	at scala.collection.TraversableOnce.toBuffer(TraversableOnce.scala:358)
	at scala.collection.TraversableOnce.toBuffer$(TraversableOnce.scala:358)
	at org.apache.spark.api.python.SerDeUtil$AutoBatchedPickler.toBuffer(SerDeUtil.scala:80)
	at scala.collection.TraversableOnce.toArray(TraversableOnce.scala:345)
	at scala.collection.TraversableOnce.toArray$(TraversableOnce.scala:339)
	at org.apache.spark.api.python.SerDeUtil$AutoBatchedPickler.toArray(SerDeUtil.scala:80)
	at org.apache.spark.api.python.PythonRDD$.$anonfun$toLocalIteratorAndServe$4(PythonRDD.scala:235)
	at org.apache.spark.SparkContext.$anonfun$submitJob$1(SparkContext.scala:2542)
	at org.apache.spark.scheduler.ResultTask.runTask(ResultTask.scala:93)
	at org.apache.spark.TaskContext.runTaskWithListeners(TaskContext.scala:166)
	at org.apache.spark.scheduler.Task.run(Task.scala:141)
	at org.apache.spark.executor.Executor$TaskRunner.$anonfun$run$4(Executor.scala:620)
	at org.apache.spark.util.SparkErrorUtils.tryWithSafeFinally(SparkErrorUtils.scala:64)
	at org.apache.spark.util.SparkErrorUtils.tryWithSafeFinally$(SparkErrorUtils.scala:61)
	at org.apache.spark.util.Utils$.tryWithSafeFinally(Utils.scala:94)
	at org.apache.spark.executor.Executor$TaskRunner.run(Executor.scala:623)
	at java.base/java.util.concurrent.ThreadPoolExecutor.runWorker(ThreadPoolExecutor.java:1128)
	at java.base/java.util.concurrent.ThreadPoolExecutor$Worker.run(ThreadPoolExecutor.java:628)
	at java.base/java.lang.Thread.run(Thread.java:829)
Caused by: java.io.EOFException
	at java.base/java.io.DataInputStream.readInt(DataInputStream.java:397)
	at org.apache.spark.sql.execution.python.BasePythonUDFRunner$$anon$1.read(PythonUDFRunner.scala:83)
	... 45 more
26/04/29 02:29:38 WARN TaskSetManager: Lost task 0.0 in stage 13.0 (TID 109) (pc executor driver): org.apache.spark.SparkException: Python worker exited unexpectedly (crashed)
	at org.apache.spark.api.python.BasePythonRunner$ReaderIterator$$anonfun$1.applyOrElse(PythonRunner.scala:612)
	at org.apache.spark.api.python.BasePythonRunner$ReaderIterator$$anonfun$1.applyOrElse(PythonRunner.scala:594)
	at scala.runtime.AbstractPartialFunction.apply(AbstractPartialFunction.scala:38)
	at org.apache.spark.sql.execution.python.BasePythonUDFRunner$$anon$1.read(PythonUDFRunner.scala:99)
	at org.apache.spark.sql.execution.python.BasePythonUDFRunner$$anon$1.read(PythonUDFRunner.scala:75)
	at org.apache.spark.api.python.BasePythonRunner$ReaderIterator.hasNext(PythonRunner.scala:525)
	at org.apache.spark.InterruptibleIterator.hasNext(InterruptibleIterator.scala:37)
	at scala.collection.Iterator$$anon$11.hasNext(Iterator.scala:491)
	at scala.collection.Iterator$$anon$10.hasNext(Iterator.scala:460)
	at scala.collection.Iterator$$anon$10.hasNext(Iterator.scala:460)
	at org.apache.spark.sql.catalyst.expressions.GeneratedClass$GeneratedIteratorForCodegenStage2.processNext(Unknown Source)
	at org.apache.spark.sql.execution.BufferedRowIterator.hasNext(BufferedRowIterator.java:43)
	at org.apache.spark.sql.execution.WholeStageCodegenEvaluatorFactory$WholeStageCodegenPartitionEvaluator$$anon$1.hasNext(WholeStageCodegenEvaluatorFactory.scala:43)
	at scala.collection.Iterator$$anon$11.hasNext(Iterator.scala:490)
	at org.apache.spark.sql.catalyst.expressions.GeneratedClass$GeneratedIteratorForCodegenStage5.processNext(Unknown Source)
	at org.apache.spark.sql.execution.BufferedRowIterator.hasNext(BufferedRowIterator.java:43)
	at org.apache.spark.sql.execution.WholeStageCodegenEvaluatorFactory$WholeStageCodegenPartitionEvaluator$$anon$1.hasNext(WholeStageCodegenEvaluatorFactory.scala:43)
	at scala.collection.Iterator$$anon$10.hasNext(Iterator.scala:460)
	at org.apache.spark.ContextAwareIterator.hasNext(ContextAwareIterator.scala:39)
	at org.apache.spark.api.python.SerDeUtil$AutoBatchedPickler.hasNext(SerDeUtil.scala:86)
	at scala.collection.Iterator.foreach(Iterator.scala:943)
	at scala.collection.Iterator.foreach$(Iterator.scala:943)
	at org.apache.spark.api.python.SerDeUtil$AutoBatchedPickler.foreach(SerDeUtil.scala:80)
	at scala.collection.generic.Growable.$plus$plus$eq(Growable.scala:62)
	at scala.collection.generic.Growable.$plus$plus$eq$(Growable.scala:53)
	at scala.collection.mutable.ArrayBuffer.$plus$plus$eq(ArrayBuffer.scala:105)
	at scala.collection.mutable.ArrayBuffer.$plus$plus$eq(ArrayBuffer.scala:49)
	at scala.collection.TraversableOnce.to(TraversableOnce.scala:366)
	at scala.collection.TraversableOnce.to$(TraversableOnce.scala:364)
	at org.apache.spark.api.python.SerDeUtil$AutoBatchedPickler.to(SerDeUtil.scala:80)
	at scala.collection.TraversableOnce.toBuffer(TraversableOnce.scala:358)
	at scala.collection.TraversableOnce.toBuffer$(TraversableOnce.scala:358)
	at org.apache.spark.api.python.SerDeUtil$AutoBatchedPickler.toBuffer(SerDeUtil.scala:80)
	at scala.collection.TraversableOnce.toArray(TraversableOnce.scala:345)
	at scala.collection.TraversableOnce.toArray$(TraversableOnce.scala:339)
	at org.apache.spark.api.python.SerDeUtil$AutoBatchedPickler.toArray(SerDeUtil.scala:80)
	at org.apache.spark.api.python.PythonRDD$.$anonfun$toLocalIteratorAndServe$4(PythonRDD.scala:235)
	at org.apache.spark.SparkContext.$anonfun$submitJob$1(SparkContext.scala:2542)
	at org.apache.spark.scheduler.ResultTask.runTask(ResultTask.scala:93)
	at org.apache.spark.TaskContext.runTaskWithListeners(TaskContext.scala:166)
	at org.apache.spark.scheduler.Task.run(Task.scala:141)
	at org.apache.spark.executor.Executor$TaskRunner.$anonfun$run$4(Executor.scala:620)
	at org.apache.spark.util.SparkErrorUtils.tryWithSafeFinally(SparkErrorUtils.scala:64)
	at org.apache.spark.util.SparkErrorUtils.tryWithSafeFinally$(SparkErrorUtils.scala:61)
	at org.apache.spark.util.Utils$.tryWithSafeFinally(Utils.scala:94)
	at org.apache.spark.executor.Executor$TaskRunner.run(Executor.scala:623)
	at java.base/java.util.concurrent.ThreadPoolExecutor.runWorker(ThreadPoolExecutor.java:1128)
	at java.base/java.util.concurrent.ThreadPoolExecutor$Worker.run(ThreadPoolExecutor.java:628)
	at java.base/java.lang.Thread.run(Thread.java:829)
Caused by: java.io.EOFException
	at java.base/java.io.DataInputStream.readInt(DataInputStream.java:397)
	at org.apache.spark.sql.execution.python.BasePythonUDFRunner$$anon$1.read(PythonUDFRunner.scala:83)
	... 45 more

26/04/29 02:29:38 ERROR TaskSetManager: Task 0 in stage 13.0 failed 1 times; aborting job
26/04/29 02:29:38 ERROR Utils: Aborting task
org.apache.spark.SparkException: Exception thrown in awaitResult: 
	at org.apache.spark.util.SparkThreadUtils$.awaitResult(SparkThreadUtils.scala:56)
	at org.apache.spark.util.ThreadUtils$.awaitResult(ThreadUtils.scala:310)
	at org.apache.spark.api.python.PythonRDD$.$anonfun$toLocalIteratorAndServe$2(PythonRDD.scala:257)
	at scala.runtime.java8.JFunction0$mcV$sp.apply(JFunction0$mcV$sp.java:23)
	at org.apache.spark.util.Utils$.tryWithSafeFinallyAndFailureCallbacks(Utils.scala:1397)
	at org.apache.spark.api.python.PythonRDD$.$anonfun$toLocalIteratorAndServe$1(PythonRDD.scala:275)
	at org.apache.spark.api.python.PythonRDD$.$anonfun$toLocalIteratorAndServe$1$adapted(PythonRDD.scala:226)
	at org.apache.spark.security.SocketFuncServer.handleConnection(SocketAuthServer.scala:114)
	at org.apache.spark.security.SocketFuncServer.handleConnection(SocketAuthServer.scala:108)
	at org.apache.spark.security.SocketAuthServer$$anon$1.$anonfun$run$4(SocketAuthServer.scala:69)
	at scala.util.Try$.apply(Try.scala:213)
	at org.apache.spark.security.SocketAuthServer$$anon$1.run(SocketAuthServer.scala:69)
Caused by: org.apache.spark.SparkException: Job aborted due to stage failure: Task 0 in stage 13.0 failed 1 times, most recent failure: Lost task 0.0 in stage 13.0 (TID 109) (pc executor driver): org.apache.spark.SparkException: Python worker exited unexpectedly (crashed)
	at org.apache.spark.api.python.BasePythonRunner$ReaderIterator$$anonfun$1.applyOrElse(PythonRunner.scala:612)
	at org.apache.spark.api.python.BasePythonRunner$ReaderIterator$$anonfun$1.applyOrElse(PythonRunner.scala:594)
	at scala.runtime.AbstractPartialFunction.apply(AbstractPartialFunction.scala:38)
	at org.apache.spark.sql.execution.python.BasePythonUDFRunner$$anon$1.read(PythonUDFRunner.scala:99)
	at org.apache.spark.sql.execution.python.BasePythonUDFRunner$$anon$1.read(PythonUDFRunner.scala:75)
	at org.apache.spark.api.python.BasePythonRunner$ReaderIterator.hasNext(PythonRunner.scala:525)
	at org.apache.spark.InterruptibleIterator.hasNext(InterruptibleIterator.scala:37)
	at scala.collection.Iterator$$anon$11.hasNext(Iterator.scala:491)
	at scala.collection.Iterator$$anon$10.hasNext(Iterator.scala:460)
	at scala.collection.Iterator$$anon$10.hasNext(Iterator.scala:460)
	at org.apache.spark.sql.catalyst.expressions.GeneratedClass$GeneratedIteratorForCodegenStage2.processNext(Unknown Source)
	at org.apache.spark.sql.execution.BufferedRowIterator.hasNext(BufferedRowIterator.java:43)
	at org.apache.spark.sql.execution.WholeStageCodegenEvaluatorFactory$WholeStageCodegenPartitionEvaluator$$anon$1.hasNext(WholeStageCodegenEvaluatorFactory.scala:43)
	at scala.collection.Iterator$$anon$11.hasNext(Iterator.scala:490)
	at org.apache.spark.sql.catalyst.expressions.GeneratedClass$GeneratedIteratorForCodegenStage5.processNext(Unknown Source)
	at org.apache.spark.sql.execution.BufferedRowIterator.hasNext(BufferedRowIterator.java:43)
	at org.apache.spark.sql.execution.WholeStageCodegenEvaluatorFactory$WholeStageCodegenPartitionEvaluator$$anon$1.hasNext(WholeStageCodegenEvaluatorFactory.scala:43)
	at scala.collection.Iterator$$anon$10.hasNext(Iterator.scala:460)
	at org.apache.spark.ContextAwareIterator.hasNext(ContextAwareIterator.scala:39)
	at org.apache.spark.api.python.SerDeUtil$AutoBatchedPickler.hasNext(SerDeUtil.scala:86)
	at scala.collection.Iterator.foreach(Iterator.scala:943)
	at scala.collection.Iterator.foreach$(Iterator.scala:943)
	at org.apache.spark.api.python.SerDeUtil$AutoBatchedPickler.foreach(SerDeUtil.scala:80)
	at scala.collection.generic.Growable.$plus$plus$eq(Growable.scala:62)
	at scala.collection.generic.Growable.$plus$plus$eq$(Growable.scala:53)
	at scala.collection.mutable.ArrayBuffer.$plus$plus$eq(ArrayBuffer.scala:105)
	at scala.collection.mutable.ArrayBuffer.$plus$plus$eq(ArrayBuffer.scala:49)
	at scala.collection.TraversableOnce.to(TraversableOnce.scala:366)
	at scala.collection.TraversableOnce.to$(TraversableOnce.scala:364)
	at org.apache.spark.api.python.SerDeUtil$AutoBatchedPickler.to(SerDeUtil.scala:80)
	at scala.collection.TraversableOnce.toBuffer(TraversableOnce.scala:358)
	at scala.collection.TraversableOnce.toBuffer$(TraversableOnce.scala:358)
	at org.apache.spark.api.python.SerDeUtil$AutoBatchedPickler.toBuffer(SerDeUtil.scala:80)
	at scala.collection.TraversableOnce.toArray(TraversableOnce.scala:345)
	at scala.collection.TraversableOnce.toArray$(TraversableOnce.scala:339)
	at org.apache.spark.api.python.SerDeUtil$AutoBatchedPickler.toArray(SerDeUtil.scala:80)
	at org.apache.spark.api.python.PythonRDD$.$anonfun$toLocalIteratorAndServe$4(PythonRDD.scala:235)
	at org.apache.spark.SparkContext.$anonfun$submitJob$1(SparkContext.scala:2542)
	at org.apache.spark.scheduler.ResultTask.runTask(ResultTask.scala:93)
	at org.apache.spark.TaskContext.runTaskWithListeners(TaskContext.scala:166)
	at org.apache.spark.scheduler.Task.run(Task.scala:141)
	at org.apache.spark.executor.Executor$TaskRunner.$anonfun$run$4(Executor.scala:620)
	at org.apache.spark.util.SparkErrorUtils.tryWithSafeFinally(SparkErrorUtils.scala:64)
	at org.apache.spark.util.SparkErrorUtils.tryWithSafeFinally$(SparkErrorUtils.scala:61)
	at org.apache.spark.util.Utils$.tryWithSafeFinally(Utils.scala:94)
	at org.apache.spark.executor.Executor$TaskRunner.run(Executor.scala:623)
	at java.base/java.util.concurrent.ThreadPoolExecutor.runWorker(ThreadPoolExecutor.java:1128)
	at java.base/java.util.concurrent.ThreadPoolExecutor$Worker.run(ThreadPoolExecutor.java:628)
	at java.base/java.lang.Thread.run(Thread.java:829)
Caused by: java.io.EOFException
	at java.base/java.io.DataInputStream.readInt(DataInputStream.java:397)
	at org.apache.spark.sql.execution.python.BasePythonUDFRunner$$anon$1.read(PythonUDFRunner.scala:83)
	... 45 more

Driver stacktrace:
	at org.apache.spark.scheduler.DAGScheduler.failJobAndIndependentStages(DAGScheduler.scala:2856)
	at org.apache.spark.scheduler.DAGScheduler.$anonfun$abortStage$2(DAGScheduler.scala:2792)
	at org.apache.spark.scheduler.DAGScheduler.$anonfun$abortStage$2$adapted(DAGScheduler.scala:2791)
	at scala.collection.mutable.ResizableArray.foreach(ResizableArray.scala:62)
	at scala.collection.mutable.ResizableArray.foreach$(ResizableArray.scala:55)
	at scala.collection.mutable.ArrayBuffer.foreach(ArrayBuffer.scala:49)
	at org.apache.spark.scheduler.DAGScheduler.abortStage(DAGScheduler.scala:2791)
	at org.apache.spark.scheduler.DAGScheduler.$anonfun$handleTaskSetFailed$1(DAGScheduler.scala:1247)
	at org.apache.spark.scheduler.DAGScheduler.$anonfun$handleTaskSetFailed$1$adapted(DAGScheduler.scala:1247)
	at scala.Option.foreach(Option.scala:407)
	at org.apache.spark.scheduler.DAGScheduler.handleTaskSetFailed(DAGScheduler.scala:1247)
	at org.apache.spark.scheduler.DAGSchedulerEventProcessLoop.doOnReceive(DAGScheduler.scala:3060)
	at org.apache.spark.scheduler.DAGSchedulerEventProcessLoop.onReceive(DAGScheduler.scala:2994)
	at org.apache.spark.scheduler.DAGSchedulerEventProcessLoop.onReceive(DAGScheduler.scala:2983)
	at org.apache.spark.util.EventLoop$$anon$1.run(EventLoop.scala:49)
Caused by: org.apache.spark.SparkException: Python worker exited unexpectedly (crashed)
	at org.apache.spark.api.python.BasePythonRunner$ReaderIterator$$anonfun$1.applyOrElse(PythonRunner.scala:612)
	at org.apache.spark.api.python.BasePythonRunner$ReaderIterator$$anonfun$1.applyOrElse(PythonRunner.scala:594)
	at scala.runtime.AbstractPartialFunction.apply(AbstractPartialFunction.scala:38)
	at org.apache.spark.sql.execution.python.BasePythonUDFRunner$$anon$1.read(PythonUDFRunner.scala:99)
	at org.apache.spark.sql.execution.python.BasePythonUDFRunner$$anon$1.read(PythonUDFRunner.scala:75)
	at org.apache.spark.api.python.BasePythonRunner$ReaderIterator.hasNext(PythonRunner.scala:525)
	at org.apache.spark.InterruptibleIterator.hasNext(InterruptibleIterator.scala:37)
	at scala.collection.Iterator$$anon$11.hasNext(Iterator.scala:491)
	at scala.collection.Iterator$$anon$10.hasNext(Iterator.scala:460)
	at scala.collection.Iterator$$anon$10.hasNext(Iterator.scala:460)
	at org.apache.spark.sql.catalyst.expressions.GeneratedClass$GeneratedIteratorForCodegenStage2.processNext(Unknown Source)
	at org.apache.spark.sql.execution.BufferedRowIterator.hasNext(BufferedRowIterator.java:43)
	at org.apache.spark.sql.execution.WholeStageCodegenEvaluatorFactory$WholeStageCodegenPartitionEvaluator$$anon$1.hasNext(WholeStageCodegenEvaluatorFactory.scala:43)
	at scala.collection.Iterator$$anon$11.hasNext(Iterator.scala:490)
	at org.apache.spark.sql.catalyst.expressions.GeneratedClass$GeneratedIteratorForCodegenStage5.processNext(Unknown Source)
	at org.apache.spark.sql.execution.BufferedRowIterator.hasNext(BufferedRowIterator.java:43)
	at org.apache.spark.sql.execution.WholeStageCodegenEvaluatorFactory$WholeStageCodegenPartitionEvaluator$$anon$1.hasNext(WholeStageCodegenEvaluatorFactory.scala:43)
	at scala.collection.Iterator$$anon$10.hasNext(Iterator.scala:460)
	at org.apache.spark.ContextAwareIterator.hasNext(ContextAwareIterator.scala:39)
	at org.apache.spark.api.python.SerDeUtil$AutoBatchedPickler.hasNext(SerDeUtil.scala:86)
	at scala.collection.Iterator.foreach(Iterator.scala:943)
	at scala.collection.Iterator.foreach$(Iterator.scala:943)
	at org.apache.spark.api.python.SerDeUtil$AutoBatchedPickler.foreach(SerDeUtil.scala:80)
	at scala.collection.generic.Growable.$plus$plus$eq(Growable.scala:62)
	at scala.collection.generic.Growable.$plus$plus$eq$(Growable.scala:53)
	at scala.collection.mutable.ArrayBuffer.$plus$plus$eq(ArrayBuffer.scala:105)
	at scala.collection.mutable.ArrayBuffer.$plus$plus$eq(ArrayBuffer.scala:49)
	at scala.collection.TraversableOnce.to(TraversableOnce.scala:366)
	at scala.collection.TraversableOnce.to$(TraversableOnce.scala:364)
	at org.apache.spark.api.python.SerDeUtil$AutoBatchedPickler.to(SerDeUtil.scala:80)
	at scala.collection.TraversableOnce.toBuffer(TraversableOnce.scala:358)
	at scala.collection.TraversableOnce.toBuffer$(TraversableOnce.scala:358)
	at org.apache.spark.api.python.SerDeUtil$AutoBatchedPickler.toBuffer(SerDeUtil.scala:80)
	at scala.collection.TraversableOnce.toArray(TraversableOnce.scala:345)
	at scala.collection.TraversableOnce.toArray$(TraversableOnce.scala:339)
	at org.apache.spark.api.python.SerDeUtil$AutoBatchedPickler.toArray(SerDeUtil.scala:80)
	at org.apache.spark.api.python.PythonRDD$.$anonfun$toLocalIteratorAndServe$4(PythonRDD.scala:235)
	at org.apache.spark.SparkContext.$anonfun$submitJob$1(SparkContext.scala:2542)
	at org.apache.spark.scheduler.ResultTask.runTask(ResultTask.scala:93)
	at org.apache.spark.TaskContext.runTaskWithListeners(TaskContext.scala:166)
	at org.apache.spark.scheduler.Task.run(Task.scala:141)
	at org.apache.spark.executor.Executor$TaskRunner.$anonfun$run$4(Executor.scala:620)
	at org.apache.spark.util.SparkErrorUtils.tryWithSafeFinally(SparkErrorUtils.scala:64)
	at org.apache.spark.util.SparkErrorUtils.tryWithSafeFinally$(SparkErrorUtils.scala:61)
	at org.apache.spark.util.Utils$.tryWithSafeFinally(Utils.scala:94)
	at org.apache.spark.executor.Executor$TaskRunner.run(Executor.scala:623)
	at java.base/java.util.concurrent.ThreadPoolExecutor.runWorker(ThreadPoolExecutor.java:1128)
	at java.base/java.util.concurrent.ThreadPoolExecutor$Worker.run(ThreadPoolExecutor.java:628)
	at java.base/java.lang.Thread.run(Thread.java:829)
Caused by: java.io.EOFException
	at java.base/java.io.DataInputStream.readInt(DataInputStream.java:397)
	at org.apache.spark.sql.execution.python.BasePythonUDFRunner$$anon$1.read(PythonUDFRunner.scala:83)
	... 45 more
